2026-03-26T14:31:38.420649+0200 INFO The bot is up and running!
2026-03-26T14:36:41.433757+0200 ERROR Exception raised: 'NoneType' object has no attribute 'get'
2026-03-26T14:36:42.202158+0200 ERROR Exception raised: 'NoneType' object has no attribute 'get'
2026-03-26T14:36:42.801641+0200 ERROR Exception raised: 'NoneType' object has no attribute 'get'
2026-03-26T14:36:43.685968+0200 ERROR Exception raised: 'NoneType' object has no attribute 'get'
2026-03-26T14:39:34.513035+0200 INFO The bot is up and running!
2026-03-26T14:44:37.237416+0200 ERROR Exception raised: 'NoneType' object has no attribute 'get'
2026-03-26T14:44:38.781215+0200 ERROR Exception raised: 'NoneType' object has no attribute 'get'
2026-03-26T14:44:40.147466+0200 ERROR Exception raised: 'NoneType' object has no attribute 'get'
2026-03-26T14:44:44.782664+0200 ERROR Exception raised: 'NoneType' object has no attribute 'get'
2026-03-26T14:47:28.149337+0200 INFO The bot is up and running!
2026-03-26T14:48:30.738901+0200 ERROR Exception raised: 'NoneType' object has no attribute 'get'
2026-03-26T14:48:31.919006+0200 ERROR Exception raised: 'NoneType' object has no attribute 'get'
2026-03-26T14:48:32.774033+0200 ERROR Exception raised: 'NoneType' object has no attribute 'get'
2026-03-26T14:48:33.513945+0200 ERROR Exception raised: 'NoneType' object has no attribute 'get'
2026-03-26T14:48:36.318098+0200 ERROR Exception raised: 'NoneType' object has no attribute 'get'
2026-03-26T14:48:36.898415+0200 ERROR Exception raised: 'NoneType' object has no attribute 'get'
2026-03-26T14:48:37.519706+0200 ERROR Exception raised: 'NoneType' object has no attribute 'get'
2026-03-26T14:48:38.407942+0200 ERROR Exception raised: 'NoneType' object has no attribute 'get'
2026-03-26T14:49:30.944778+0200 ERROR Exception raised: 'NoneType' object has no attribute 'get'
2026-03-26T14:49:31.678770+0200 ERROR Exception raised: 'NoneType' object has no attribute 'get'
2026-03-26T14:49:32.463686+0200 ERROR Exception raised: 'NoneType' object has no attribute 'get'
2026-03-26T14:49:33.104780+0200 ERROR Exception raised: 'NoneType' object has no attribute 'get'
2026-03-26T14:49:36.215940+0200 ERROR Exception raised: 'NoneType' object has no attribute 'get'
2026-03-26T14:49:36.862535+0200 ERROR Exception raised: 'NoneType' object has no attribute 'get'
2026-03-26T14:49:37.724102+0200 ERROR Exception raised: 'NoneType' object has no attribute 'get'
2026-03-26T14:49:38.296210+0200 ERROR Exception raised: 'NoneType' object has no attribute 'get'
2026-03-26T14:50:31.148324+0200 ERROR Exception raised: 'NoneType' object has no attribute 'get'
2026-03-26T14:50:31.722683+0200 ERROR Exception raised: 'NoneType' object has no attribute 'get'
2026-03-26T14:50:32.358708+0200 ERROR Exception raised: 'NoneType' object has no attribute 'get'
2026-03-26T14:50:32.912603+0200 ERROR Exception raised: 'NoneType' object has no attribute 'get'
2026-03-26T14:50:39.217419+0200 ERROR Exception raised: 'NoneType' object has no attribute 'get'
2026-03-26T14:50:39.851124+0200 ERROR Exception raised: 'NoneType' object has no attribute 'get'
2026-03-26T14:50:40.344895+0200 ERROR Exception raised: 'NoneType' object has no attribute 'get'
2026-03-26T14:50:40.901700+0200 ERROR Exception raised: 'NoneType' object has no attribute 'get'
2026-03-26T14:55:35.883140+0200 INFO The bot is up and running!
2026-03-26T14:56:40.860996+0200 INFO <b>Сдам 1-ну квартиру Троещина проспект Червоної Калини 81А БЕЗ КОМІСІЇ</b>
Цена: 8 800 грн.
Время публикации: 14:43
Локация: Київ, Деснянський 
2026-03-26T14:56:41.071520+0200 INFO <b>Сдам смарт квартиру на Академика Павлова, Воробьёвы горы, на 3 этаже</b>
Цена: 5 000 грн.Договірна
Время публикации: 14:42
Локация: Харків, Київський 
2026-03-26T14:57:42.462877+0200 INFO <b>Аренда, квартира 52кв.м. , лівий берег. Харківське шосе 19</b>
Цена: 15 000 грн.
Время публикации: 14:41
Локация: Київ, Дніпровський 
